{"total": {"lines":{"total":37,"covered":37,"skipped":0,"pct":100},"statements":{"total":37,"covered":37,"skipped":0,"pct":100},"functions":{"total":11,"covered":11,"skipped":0,"pct":100},"branches":{"total":0,"covered":0,"skipped":0,"pct":100},"branchesTrue":{"total":0,"covered":0,"skipped":0,"pct":100}}
,"C:\\Users\\minas\\Documents\\expense-tracker-mern\\expense-tracker\\client\\cypress\\e2e\\login.cy.js": {"lines":{"total":37,"covered":37,"skipped":0,"pct":100},"functions":{"total":11,"covered":11,"skipped":0,"pct":100},"statements":{"total":37,"covered":37,"skipped":0,"pct":100},"branches":{"total":0,"covered":0,"skipped":0,"pct":100}}
,"C:\\Users\\minas\\Documents\\expense-tracker-mern\\expense-tracker\\client\\cypress\\support\\commands.js": {"lines":{"total":0,"covered":0,"skipped":0,"pct":0},"functions":{"total":0,"covered":0,"skipped":0,"pct":0},"statements":{"total":0,"covered":0,"skipped":0,"pct":0},"branches":{"total":0,"covered":0,"skipped":0,"pct":0}}
,"C:\\Users\\minas\\Documents\\expense-tracker-mern\\expense-tracker\\client\\cypress\\support\\e2e.js": {"lines":{"total":0,"covered":0,"skipped":0,"pct":0},"functions":{"total":0,"covered":0,"skipped":0,"pct":0},"statements":{"total":0,"covered":0,"skipped":0,"pct":0},"branches":{"total":0,"covered":0,"skipped":0,"pct":0}}
}
