{"total": {"lines":{"total":25,"covered":23,"skipped":0,"pct":92},"statements":{"total":25,"covered":23,"skipped":0,"pct":92},"functions":{"total":9,"covered":7,"skipped":0,"pct":77.77},"branches":{"total":0,"covered":0,"skipped":0,"pct":100},"branchesTrue":{"total":0,"covered":0,"skipped":0,"pct":100}}
,"C:\\Users\\minas\\Documents\\expense-tracker-mern\\expense-tracker\\client\\cypress\\e2e\\signup.cy.js": {"lines":{"total":25,"covered":23,"skipped":0,"pct":92},"functions":{"total":9,"covered":7,"skipped":0,"pct":77.77},"statements":{"total":25,"covered":23,"skipped":0,"pct":92},"branches":{"total":0,"covered":0,"skipped":0,"pct":100}}
,"C:\\Users\\minas\\Documents\\expense-tracker-mern\\expense-tracker\\client\\cypress\\support\\commands.js": {"lines":{"total":0,"covered":0,"skipped":0,"pct":0},"functions":{"total":0,"covered":0,"skipped":0,"pct":0},"statements":{"total":0,"covered":0,"skipped":0,"pct":0},"branches":{"total":0,"covered":0,"skipped":0,"pct":0}}
,"C:\\Users\\minas\\Documents\\expense-tracker-mern\\expense-tracker\\client\\cypress\\support\\e2e.js": {"lines":{"total":0,"covered":0,"skipped":0,"pct":0},"functions":{"total":0,"covered":0,"skipped":0,"pct":0},"statements":{"total":0,"covered":0,"skipped":0,"pct":0},"branches":{"total":0,"covered":0,"skipped":0,"pct":0}}
}
